mode: atomic
github.com/c360/semstreams/pkg/graphclustering/enhancement_worker.go:56.88,57.33 1 0
github.com/c360/semstreams/pkg/graphclustering/enhancement_worker.go:57.33,60.3 1 0
github.com/c360/semstreams/pkg/graphclustering/enhancement_worker.go:61.2,61.27 1 0
github.com/c360/semstreams/pkg/graphclustering/enhancement_worker.go:61.27,64.3 1 0
github.com/c360/semstreams/pkg/graphclustering/enhancement_worker.go:65.2,65.33 1 0
github.com/c360/semstreams/pkg/graphclustering/enhancement_worker.go:65.33,68.3 1 0
github.com/c360/semstreams/pkg/graphclustering/enhancement_worker.go:69.2,69.27 1 0
github.com/c360/semstreams/pkg/graphclustering/enhancement_worker.go:69.27,72.3 1 0
github.com/c360/semstreams/pkg/graphclustering/enhancement_worker.go:73.2,73.35 1 0
github.com/c360/semstreams/pkg/graphclustering/enhancement_worker.go:73.35,76.3 1 0
github.com/c360/semstreams/pkg/graphclustering/enhancement_worker.go:78.2,79.19 2 0
github.com/c360/semstreams/pkg/graphclustering/enhancement_worker.go:79.19,81.3 1 0
github.com/c360/semstreams/pkg/graphclustering/enhancement_worker.go:83.2,91.8 1 0
github.com/c360/semstreams/pkg/graphclustering/enhancement_worker.go:95.67,98.2 2 0
github.com/c360/semstreams/pkg/graphclustering/enhancement_worker.go:101.62,105.15 3 0
github.com/c360/semstreams/pkg/graphclustering/enhancement_worker.go:105.15,107.3 1 0
github.com/c360/semstreams/pkg/graphclustering/enhancement_worker.go:110.2,114.16 3 0
github.com/c360/semstreams/pkg/graphclustering/enhancement_worker.go:114.16,117.3 2 0
github.com/c360/semstreams/pkg/graphclustering/enhancement_worker.go:118.2,121.33 2 0
github.com/c360/semstreams/pkg/graphclustering/enhancement_worker.go:121.33,123.25 2 0
github.com/c360/semstreams/pkg/graphclustering/enhancement_worker.go:123.25,126.4 2 0
github.com/c360/semstreams/pkg/graphclustering/enhancement_worker.go:129.2,131.12 3 0
github.com/c360/semstreams/pkg/graphclustering/enhancement_worker.go:135.62,136.15 1 0
github.com/c360/semstreams/pkg/graphclustering/enhancement_worker.go:136.15,137.31 1 0
github.com/c360/semstreams/pkg/graphclustering/enhancement_worker.go:137.31,139.4 1 0
github.com/c360/semstreams/pkg/graphclustering/enhancement_worker.go:142.2,144.6 2 0
github.com/c360/semstreams/pkg/graphclustering/enhancement_worker.go:144.6,145.10 1 0
github.com/c360/semstreams/pkg/graphclustering/enhancement_worker.go:146.23,148.10 2 0
github.com/c360/semstreams/pkg/graphclustering/enhancement_worker.go:150.43,151.11 1 0
github.com/c360/semstreams/pkg/graphclustering/enhancement_worker.go:151.11,154.5 2 0
github.com/c360/semstreams/pkg/graphclustering/enhancement_worker.go:156.4,156.20 1 0
github.com/c360/semstreams/pkg/graphclustering/enhancement_worker.go:156.20,157.13 1 0
github.com/c360/semstreams/pkg/graphclustering/enhancement_worker.go:161.4,161.50 1 0
github.com/c360/semstreams/pkg/graphclustering/enhancement_worker.go:161.50,163.5 1 0
github.com/c360/semstreams/pkg/graphclustering/enhancement_worker.go:169.88,171.104 1 0
github.com/c360/semstreams/pkg/graphclustering/enhancement_worker.go:171.104,173.3 1 0
github.com/c360/semstreams/pkg/graphclustering/enhancement_worker.go:176.2,177.66 2 0
github.com/c360/semstreams/pkg/graphclustering/enhancement_worker.go:177.66,180.3 2 0
github.com/c360/semstreams/pkg/graphclustering/enhancement_worker.go:183.2,183.46 1 0
github.com/c360/semstreams/pkg/graphclustering/enhancement_worker.go:183.46,185.3 1 0
github.com/c360/semstreams/pkg/graphclustering/enhancement_worker.go:188.2,197.16 4 0
github.com/c360/semstreams/pkg/graphclustering/enhancement_worker.go:197.16,201.3 3 0
github.com/c360/semstreams/pkg/graphclustering/enhancement_worker.go:204.2,205.16 2 0
github.com/c360/semstreams/pkg/graphclustering/enhancement_worker.go:205.16,209.3 3 0
github.com/c360/semstreams/pkg/graphclustering/enhancement_worker.go:212.2,216.67 3 0
github.com/c360/semstreams/pkg/graphclustering/enhancement_worker.go:216.67,220.3 3 0
github.com/c360/semstreams/pkg/graphclustering/enhancement_worker.go:222.2,225.40 1 0
github.com/c360/semstreams/pkg/graphclustering/enhancement_worker.go:229.63,231.36 2 0
github.com/c360/semstreams/pkg/graphclustering/enhancement_worker.go:231.36,234.3 2 0
github.com/c360/semstreams/pkg/graphclustering/enhancement_worker.go:236.2,237.66 2 0
github.com/c360/semstreams/pkg/graphclustering/enhancement_worker.go:237.66,239.3 1 0
github.com/c360/semstreams/pkg/graphclustering/enhancement_worker.go:243.115,245.16 2 0
github.com/c360/semstreams/pkg/graphclustering/enhancement_worker.go:245.16,248.3 1 0
github.com/c360/semstreams/pkg/graphclustering/enhancement_worker.go:249.2,249.22 1 0
github.com/c360/semstreams/pkg/graphclustering/enhancement_worker.go:253.42,257.16 3 0
github.com/c360/semstreams/pkg/graphclustering/enhancement_worker.go:257.16,259.3 1 0
github.com/c360/semstreams/pkg/graphclustering/enhancement_worker.go:261.2,264.21 2 0
github.com/c360/semstreams/pkg/graphclustering/enhancement_worker.go:264.21,266.3 1 0
github.com/c360/semstreams/pkg/graphclustering/enhancement_worker.go:269.2,269.22 1 0
github.com/c360/semstreams/pkg/graphclustering/enhancement_worker.go:269.22,270.42 1 0
github.com/c360/semstreams/pkg/graphclustering/enhancement_worker.go:270.42,272.4 1 0
github.com/c360/semstreams/pkg/graphclustering/enhancement_worker.go:276.2,280.12 4 0
github.com/c360/semstreams/pkg/graphclustering/lpa.go:50.84,57.2 1 15
github.com/c360/semstreams/pkg/graphclustering/lpa.go:60.63,62.14 1 6
github.com/c360/semstreams/pkg/graphclustering/lpa.go:62.14,64.3 1 2
github.com/c360/semstreams/pkg/graphclustering/lpa.go:65.2,65.30 1 6
github.com/c360/semstreams/pkg/graphclustering/lpa.go:65.30,67.3 1 1
github.com/c360/semstreams/pkg/graphclustering/lpa.go:68.2,69.10 2 6
github.com/c360/semstreams/pkg/graphclustering/lpa.go:73.59,75.17 1 5
github.com/c360/semstreams/pkg/graphclustering/lpa.go:75.17,77.3 1 2
github.com/c360/semstreams/pkg/graphclustering/lpa.go:78.2,78.29 1 5
github.com/c360/semstreams/pkg/graphclustering/lpa.go:78.29,80.3 1 1
github.com/c360/semstreams/pkg/graphclustering/lpa.go:81.2,82.10 2 5
github.com/c360/semstreams/pkg/graphclustering/lpa.go:92.16,96.2 3 0
github.com/c360/semstreams/pkg/graphclustering/lpa.go:99.92,101.28 1 13
github.com/c360/semstreams/pkg/graphclustering/lpa.go:101.28,103.3 1 1
github.com/c360/semstreams/pkg/graphclustering/lpa.go:104.2,104.22 1 12
github.com/c360/semstreams/pkg/graphclustering/lpa.go:104.22,106.3 1 1
github.com/c360/semstreams/pkg/graphclustering/lpa.go:108.2,112.45 3 11
github.com/c360/semstreams/pkg/graphclustering/lpa.go:112.45,114.3 1 1
github.com/c360/semstreams/pkg/graphclustering/lpa.go:117.2,118.16 2 10
github.com/c360/semstreams/pkg/graphclustering/lpa.go:118.16,120.3 1 1
github.com/c360/semstreams/pkg/graphclustering/lpa.go:122.2,122.25 1 9
github.com/c360/semstreams/pkg/graphclustering/lpa.go:122.25,124.3 1 1
github.com/c360/semstreams/pkg/graphclustering/lpa.go:126.2,130.16 3 8
github.com/c360/semstreams/pkg/graphclustering/lpa.go:130.16,132.3 1 3
github.com/c360/semstreams/pkg/graphclustering/lpa.go:133.2,137.44 3 5
github.com/c360/semstreams/pkg/graphclustering/lpa.go:137.44,139.17 2 10
github.com/c360/semstreams/pkg/graphclustering/lpa.go:139.17,141.4 1 0
github.com/c360/semstreams/pkg/graphclustering/lpa.go:142.3,143.32 2 10
github.com/c360/semstreams/pkg/graphclustering/lpa.go:146.2,146.20 1 5
github.com/c360/semstreams/pkg/graphclustering/lpa.go:155.25,158.31 2 18
github.com/c360/semstreams/pkg/graphclustering/lpa.go:158.31,160.3 1 192
github.com/c360/semstreams/pkg/graphclustering/lpa.go:163.2,163.48 1 18
github.com/c360/semstreams/pkg/graphclustering/lpa.go:163.48,165.10 1 35
github.com/c360/semstreams/pkg/graphclustering/lpa.go:166.21,167.111 1 1
github.com/c360/semstreams/pkg/graphclustering/lpa.go:168.11,168.11 0 34
github.com/c360/semstreams/pkg/graphclustering/lpa.go:171.3,176.49 4 34
github.com/c360/semstreams/pkg/graphclustering/lpa.go:176.49,178.4 1 173
github.com/c360/semstreams/pkg/graphclustering/lpa.go:181.3,181.40 1 34
github.com/c360/semstreams/pkg/graphclustering/lpa.go:181.40,183.18 2 205
github.com/c360/semstreams/pkg/graphclustering/lpa.go:183.18,185.5 1 1
github.com/c360/semstreams/pkg/graphclustering/lpa.go:187.4,187.36 1 204
github.com/c360/semstreams/pkg/graphclustering/lpa.go:187.36,190.5 2 61
github.com/c360/semstreams/pkg/graphclustering/lpa.go:194.3,194.15 1 33
github.com/c360/semstreams/pkg/graphclustering/lpa.go:194.15,195.9 1 16
github.com/c360/semstreams/pkg/graphclustering/lpa.go:200.2,203.40 2 16
github.com/c360/semstreams/pkg/graphclustering/lpa.go:203.40,205.53 1 34
github.com/c360/semstreams/pkg/graphclustering/lpa.go:205.53,207.18 2 0
github.com/c360/semstreams/pkg/graphclustering/lpa.go:207.18,210.5 1 0
github.com/c360/semstreams/pkg/graphclustering/lpa.go:210.10,213.19 2 0
github.com/c360/semstreams/pkg/graphclustering/lpa.go:213.19,215.6 1 0
github.com/c360/semstreams/pkg/graphclustering/lpa.go:215.11,218.6 1 0
github.com/c360/semstreams/pkg/graphclustering/lpa.go:223.3,223.65 1 34
github.com/c360/semstreams/pkg/graphclustering/lpa.go:223.65,225.4 1 1
github.com/c360/semstreams/pkg/graphclustering/lpa.go:231.2,231.25 1 15
github.com/c360/semstreams/pkg/graphclustering/lpa.go:239.19,242.16 2 205
github.com/c360/semstreams/pkg/graphclustering/lpa.go:242.16,244.3 1 1
github.com/c360/semstreams/pkg/graphclustering/lpa.go:246.2,246.25 1 204
github.com/c360/semstreams/pkg/graphclustering/lpa.go:246.25,249.3 1 9
github.com/c360/semstreams/pkg/graphclustering/lpa.go:252.2,253.39 2 195
github.com/c360/semstreams/pkg/graphclustering/lpa.go:253.39,255.14 2 518
github.com/c360/semstreams/pkg/graphclustering/lpa.go:255.14,256.12 1 0
github.com/c360/semstreams/pkg/graphclustering/lpa.go:260.3,261.17 2 518
github.com/c360/semstreams/pkg/graphclustering/lpa.go:261.17,263.4 1 0
github.com/c360/semstreams/pkg/graphclustering/lpa.go:265.3,265.38 1 518
github.com/c360/semstreams/pkg/graphclustering/lpa.go:269.2,271.39 3 195
github.com/c360/semstreams/pkg/graphclustering/lpa.go:271.39,272.23 1 322
github.com/c360/semstreams/pkg/graphclustering/lpa.go:272.23,275.4 2 201
github.com/c360/semstreams/pkg/graphclustering/lpa.go:279.2,279.24 1 195
github.com/c360/semstreams/pkg/graphclustering/lpa.go:279.24,281.3 1 0
github.com/c360/semstreams/pkg/graphclustering/lpa.go:283.2,283.26 1 195
github.com/c360/semstreams/pkg/graphclustering/lpa.go:291.16,294.38 2 16
github.com/c360/semstreams/pkg/graphclustering/lpa.go:294.38,296.3 1 89
github.com/c360/semstreams/pkg/graphclustering/lpa.go:299.2,300.45 2 16
github.com/c360/semstreams/pkg/graphclustering/lpa.go:300.45,313.3 3 34
github.com/c360/semstreams/pkg/graphclustering/lpa.go:315.2,315.20 1 16
github.com/c360/semstreams/pkg/graphclustering/lpa.go:323.25,332.39 2 10
github.com/c360/semstreams/pkg/graphclustering/lpa.go:332.39,334.3 1 22
github.com/c360/semstreams/pkg/graphclustering/lpa.go:337.2,338.16 2 10
github.com/c360/semstreams/pkg/graphclustering/lpa.go:338.16,340.3 1 0
github.com/c360/semstreams/pkg/graphclustering/lpa.go:345.2,345.25 1 10
github.com/c360/semstreams/pkg/graphclustering/lpa.go:349.80,355.2 2 0
github.com/c360/semstreams/pkg/graphclustering/lpa.go:358.88,363.2 3 0
github.com/c360/semstreams/pkg/graphclustering/lpa.go:366.111,371.2 3 1
github.com/c360/semstreams/pkg/graphclustering/lpa.go:374.99,379.2 3 0
github.com/c360/semstreams/pkg/graphclustering/pagerank.go:25.45,32.2 1 11
github.com/c360/semstreams/pkg/graphclustering/pagerank.go:50.115,53.16 2 8
github.com/c360/semstreams/pkg/graphclustering/pagerank.go:53.16,55.3 1 0
github.com/c360/semstreams/pkg/graphclustering/pagerank.go:57.2,57.67 1 8
github.com/c360/semstreams/pkg/graphclustering/pagerank.go:62.154,64.2 1 4
github.com/c360/semstreams/pkg/graphclustering/pagerank.go:67.142,69.12 2 12
github.com/c360/semstreams/pkg/graphclustering/pagerank.go:69.12,76.3 1 1
github.com/c360/semstreams/pkg/graphclustering/pagerank.go:79.2,80.29 2 11
github.com/c360/semstreams/pkg/graphclustering/pagerank.go:80.29,82.3 1 45
github.com/c360/semstreams/pkg/graphclustering/pagerank.go:84.2,85.16 2 11
github.com/c360/semstreams/pkg/graphclustering/pagerank.go:85.16,87.3 1 0
github.com/c360/semstreams/pkg/graphclustering/pagerank.go:90.2,102.8 5 11
github.com/c360/semstreams/pkg/graphclustering/pagerank.go:106.139,111.33 4 11
github.com/c360/semstreams/pkg/graphclustering/pagerank.go:111.33,113.17 2 45
github.com/c360/semstreams/pkg/graphclustering/pagerank.go:113.17,115.4 1 0
github.com/c360/semstreams/pkg/graphclustering/pagerank.go:118.3,118.34 1 45
github.com/c360/semstreams/pkg/graphclustering/pagerank.go:118.34,119.40 1 48
github.com/c360/semstreams/pkg/graphclustering/pagerank.go:119.40,122.5 2 46
github.com/c360/semstreams/pkg/graphclustering/pagerank.go:126.2,126.36 1 11
github.com/c360/semstreams/pkg/graphclustering/pagerank.go:130.53,134.24 4 11
github.com/c360/semstreams/pkg/graphclustering/pagerank.go:134.24,136.3 1 45
github.com/c360/semstreams/pkg/graphclustering/pagerank.go:137.2,137.26 1 11
github.com/c360/semstreams/pkg/graphclustering/pagerank.go:141.158,147.67 5 11
github.com/c360/semstreams/pkg/graphclustering/pagerank.go:147.67,149.10 1 78
github.com/c360/semstreams/pkg/graphclustering/pagerank.go:150.21,151.28 1 0
github.com/c360/semstreams/pkg/graphclustering/pagerank.go:152.11,152.11 0 78
github.com/c360/semstreams/pkg/graphclustering/pagerank.go:156.3,159.59 2 78
github.com/c360/semstreams/pkg/graphclustering/pagerank.go:159.59,162.9 3 8
github.com/c360/semstreams/pkg/graphclustering/pagerank.go:166.3,166.40 1 70
github.com/c360/semstreams/pkg/graphclustering/pagerank.go:169.2,169.30 1 11
github.com/c360/semstreams/pkg/graphclustering/pagerank.go:173.123,174.27 1 78
github.com/c360/semstreams/pkg/graphclustering/pagerank.go:174.27,178.26 2 291
github.com/c360/semstreams/pkg/graphclustering/pagerank.go:178.26,179.58 1 1189
github.com/c360/semstreams/pkg/graphclustering/pagerank.go:179.58,181.5 1 377
github.com/c360/semstreams/pkg/graphclustering/pagerank.go:184.3,184.34 1 291
github.com/c360/semstreams/pkg/graphclustering/pagerank.go:189.79,191.24 2 78
github.com/c360/semstreams/pkg/graphclustering/pagerank.go:191.24,193.21 2 291
github.com/c360/semstreams/pkg/graphclustering/pagerank.go:193.21,195.4 1 82
github.com/c360/semstreams/pkg/graphclustering/pagerank.go:197.2,197.28 1 78
github.com/c360/semstreams/pkg/graphclustering/pagerank.go:201.80,204.29 3 11
github.com/c360/semstreams/pkg/graphclustering/pagerank.go:204.29,207.3 2 45
github.com/c360/semstreams/pkg/graphclustering/pagerank.go:210.2,210.13 1 11
github.com/c360/semstreams/pkg/graphclustering/pagerank.go:210.13,211.28 1 11
github.com/c360/semstreams/pkg/graphclustering/pagerank.go:211.28,213.4 1 45
github.com/c360/semstreams/pkg/graphclustering/pagerank.go:216.2,216.17 1 11
github.com/c360/semstreams/pkg/graphclustering/pagerank.go:220.71,227.34 3 11
github.com/c360/semstreams/pkg/graphclustering/pagerank.go:227.34,229.3 1 45
github.com/c360/semstreams/pkg/graphclustering/pagerank.go:231.2,231.41 1 11
github.com/c360/semstreams/pkg/graphclustering/pagerank.go:231.41,233.41 1 74
github.com/c360/semstreams/pkg/graphclustering/pagerank.go:233.41,235.4 1 24
github.com/c360/semstreams/pkg/graphclustering/pagerank.go:237.3,237.37 1 50
github.com/c360/semstreams/pkg/graphclustering/pagerank.go:241.2,242.30 2 11
github.com/c360/semstreams/pkg/graphclustering/pagerank.go:242.30,244.3 1 3
github.com/c360/semstreams/pkg/graphclustering/pagerank.go:246.2,247.29 2 11
github.com/c360/semstreams/pkg/graphclustering/pagerank.go:247.29,249.3 1 35
github.com/c360/semstreams/pkg/graphclustering/pagerank.go:251.2,251.18 1 11
github.com/c360/semstreams/pkg/graphclustering/pagerank.go:256.156,257.32 1 5
github.com/c360/semstreams/pkg/graphclustering/pagerank.go:257.32,259.3 1 1
github.com/c360/semstreams/pkg/graphclustering/pagerank.go:262.2,262.32 1 4
github.com/c360/semstreams/pkg/graphclustering/pagerank.go:262.32,267.17 4 3
github.com/c360/semstreams/pkg/graphclustering/pagerank.go:267.17,270.4 1 0
github.com/c360/semstreams/pkg/graphclustering/pagerank.go:272.3,272.43 1 3
github.com/c360/semstreams/pkg/graphclustering/pagerank.go:276.2,276.71 1 1
github.com/c360/semstreams/pkg/graphclustering/pagerank.go:280.141,289.29 3 1
github.com/c360/semstreams/pkg/graphclustering/pagerank.go:289.29,291.17 2 2
github.com/c360/semstreams/pkg/graphclustering/pagerank.go:291.17,293.4 1 0
github.com/c360/semstreams/pkg/graphclustering/pagerank.go:294.3,294.56 1 2
github.com/c360/semstreams/pkg/graphclustering/pagerank.go:298.2,298.40 1 1
github.com/c360/semstreams/pkg/graphclustering/pagerank.go:298.40,299.41 1 1
github.com/c360/semstreams/pkg/graphclustering/pagerank.go:299.41,301.4 1 1
github.com/c360/semstreams/pkg/graphclustering/pagerank.go:302.3,302.35 1 0
github.com/c360/semstreams/pkg/graphclustering/pagerank.go:306.2,307.30 2 1
github.com/c360/semstreams/pkg/graphclustering/pagerank.go:307.30,309.3 1 0
github.com/c360/semstreams/pkg/graphclustering/pagerank.go:311.2,314.29 3 1
github.com/c360/semstreams/pkg/graphclustering/pagerank.go:314.29,317.44 2 2
github.com/c360/semstreams/pkg/graphclustering/pagerank.go:317.44,319.4 1 2
github.com/c360/semstreams/pkg/graphclustering/pagerank.go:319.9,321.4 1 0
github.com/c360/semstreams/pkg/graphclustering/pagerank.go:324.2,324.28 1 1
github.com/c360/semstreams/pkg/graphclustering/pagerank.go:328.47,329.26 1 1189
github.com/c360/semstreams/pkg/graphclustering/pagerank.go:329.26,330.17 1 1390
github.com/c360/semstreams/pkg/graphclustering/pagerank.go:330.17,332.4 1 377
github.com/c360/semstreams/pkg/graphclustering/pagerank.go:334.2,334.14 1 812
github.com/c360/semstreams/pkg/graphclustering/provider.go:16.87,20.2 1 0
github.com/c360/semstreams/pkg/graphclustering/provider.go:23.90,37.2 1 0
github.com/c360/semstreams/pkg/graphclustering/provider.go:40.124,41.20 1 0
github.com/c360/semstreams/pkg/graphclustering/provider.go:41.20,43.3 1 0
github.com/c360/semstreams/pkg/graphclustering/provider.go:46.2,47.19 2 0
github.com/c360/semstreams/pkg/graphclustering/provider.go:48.18,49.47 1 0
github.com/c360/semstreams/pkg/graphclustering/provider.go:50.18,51.47 1 0
github.com/c360/semstreams/pkg/graphclustering/provider.go:52.14,53.43 1 0
github.com/c360/semstreams/pkg/graphclustering/provider.go:54.10,55.124 1 0
github.com/c360/semstreams/pkg/graphclustering/provider.go:59.2,60.16 2 0
github.com/c360/semstreams/pkg/graphclustering/provider.go:60.16,62.3 1 0
github.com/c360/semstreams/pkg/graphclustering/provider.go:65.2,66.27 2 0
github.com/c360/semstreams/pkg/graphclustering/provider.go:66.27,68.35 1 0
github.com/c360/semstreams/pkg/graphclustering/provider.go:68.35,70.4 1 0
github.com/c360/semstreams/pkg/graphclustering/provider.go:71.3,71.33 1 0
github.com/c360/semstreams/pkg/graphclustering/provider.go:71.33,73.4 1 0
github.com/c360/semstreams/pkg/graphclustering/provider.go:77.2,78.38 2 0
github.com/c360/semstreams/pkg/graphclustering/provider.go:78.38,80.3 1 0
github.com/c360/semstreams/pkg/graphclustering/provider.go:82.2,82.23 1 0
github.com/c360/semstreams/pkg/graphclustering/provider.go:86.110,87.32 1 0
github.com/c360/semstreams/pkg/graphclustering/provider.go:87.32,89.3 1 0
github.com/c360/semstreams/pkg/graphclustering/provider.go:92.2,93.16 2 0
github.com/c360/semstreams/pkg/graphclustering/provider.go:93.16,95.3 1 0
github.com/c360/semstreams/pkg/graphclustering/provider.go:98.2,98.27 1 0
github.com/c360/semstreams/pkg/graphclustering/provider.go:98.27,99.29 1 0
github.com/c360/semstreams/pkg/graphclustering/provider.go:99.29,104.4 1 0
github.com/c360/semstreams/pkg/graphclustering/provider.go:108.2,108.17 1 0
github.com/c360/semstreams/pkg/graphclustering/provider.go:121.99,127.2 1 0
github.com/c360/semstreams/pkg/graphclustering/provider.go:130.89,132.56 1 0
github.com/c360/semstreams/pkg/graphclustering/provider.go:132.56,134.3 1 0
github.com/c360/semstreams/pkg/graphclustering/provider.go:137.2,138.34 2 0
github.com/c360/semstreams/pkg/graphclustering/provider.go:138.34,140.3 1 0
github.com/c360/semstreams/pkg/graphclustering/provider.go:142.2,142.23 1 0
github.com/c360/semstreams/pkg/graphclustering/provider.go:146.86,147.28 1 0
github.com/c360/semstreams/pkg/graphclustering/provider.go:147.28,149.3 1 0
github.com/c360/semstreams/pkg/graphclustering/provider.go:152.2,153.16 2 0
github.com/c360/semstreams/pkg/graphclustering/provider.go:153.16,155.3 1 0
github.com/c360/semstreams/pkg/graphclustering/provider.go:158.2,159.31 2 0
github.com/c360/semstreams/pkg/graphclustering/provider.go:159.31,161.3 1 0
github.com/c360/semstreams/pkg/graphclustering/provider.go:163.2,163.12 1 0
github.com/c360/semstreams/pkg/graphclustering/provider.go:167.121,168.20 1 0
github.com/c360/semstreams/pkg/graphclustering/provider.go:168.20,170.3 1 0
github.com/c360/semstreams/pkg/graphclustering/provider.go:173.2,173.56 1 0
github.com/c360/semstreams/pkg/graphclustering/provider.go:173.56,175.3 1 0
github.com/c360/semstreams/pkg/graphclustering/provider.go:178.2,179.19 2 0
github.com/c360/semstreams/pkg/graphclustering/provider.go:180.18,181.47 1 0
github.com/c360/semstreams/pkg/graphclustering/provider.go:182.18,183.47 1 0
github.com/c360/semstreams/pkg/graphclustering/provider.go:184.14,185.43 1 0
github.com/c360/semstreams/pkg/graphclustering/provider.go:186.10,187.121 1 0
github.com/c360/semstreams/pkg/graphclustering/provider.go:191.2,192.16 2 0
github.com/c360/semstreams/pkg/graphclustering/provider.go:192.16,194.3 1 0
github.com/c360/semstreams/pkg/graphclustering/provider.go:197.2,198.27 2 0
github.com/c360/semstreams/pkg/graphclustering/provider.go:198.27,200.72 1 0
github.com/c360/semstreams/pkg/graphclustering/provider.go:200.72,202.4 1 0
github.com/c360/semstreams/pkg/graphclustering/provider.go:203.3,203.68 1 0
github.com/c360/semstreams/pkg/graphclustering/provider.go:203.68,205.4 1 0
github.com/c360/semstreams/pkg/graphclustering/provider.go:209.2,210.38 2 0
github.com/c360/semstreams/pkg/graphclustering/provider.go:210.38,212.3 1 0
github.com/c360/semstreams/pkg/graphclustering/provider.go:214.2,214.23 1 0
github.com/c360/semstreams/pkg/graphclustering/provider.go:218.107,219.32 1 0
github.com/c360/semstreams/pkg/graphclustering/provider.go:219.32,221.3 1 0
github.com/c360/semstreams/pkg/graphclustering/provider.go:224.2,225.16 2 0
github.com/c360/semstreams/pkg/graphclustering/provider.go:225.16,227.3 1 0
github.com/c360/semstreams/pkg/graphclustering/provider.go:230.2,230.27 1 0
github.com/c360/semstreams/pkg/graphclustering/provider.go:230.27,231.29 1 0
github.com/c360/semstreams/pkg/graphclustering/provider.go:231.29,233.4 1 0
github.com/c360/semstreams/pkg/graphclustering/provider.go:236.2,236.17 1 0
github.com/c360/semstreams/pkg/graphclustering/storage.go:52.75,62.15 2 0
github.com/c360/semstreams/pkg/graphclustering/storage.go:62.15,64.3 1 0
github.com/c360/semstreams/pkg/graphclustering/storage.go:66.2,66.16 1 0
github.com/c360/semstreams/pkg/graphclustering/storage.go:71.116,73.58 1 11
github.com/c360/semstreams/pkg/graphclustering/storage.go:73.58,75.3 1 0
github.com/c360/semstreams/pkg/graphclustering/storage.go:77.2,84.15 2 11
github.com/c360/semstreams/pkg/graphclustering/storage.go:84.15,86.3 1 11
github.com/c360/semstreams/pkg/graphclustering/storage.go:88.2,88.16 1 11
github.com/c360/semstreams/pkg/graphclustering/storage.go:92.95,93.22 1 8
github.com/c360/semstreams/pkg/graphclustering/storage.go:93.22,95.3 1 0
github.com/c360/semstreams/pkg/graphclustering/storage.go:98.2,98.17 1 8
github.com/c360/semstreams/pkg/graphclustering/storage.go:98.17,101.17 2 0
github.com/c360/semstreams/pkg/graphclustering/storage.go:101.17,103.4 1 0
github.com/c360/semstreams/pkg/graphclustering/storage.go:106.3,107.62 2 0
github.com/c360/semstreams/pkg/graphclustering/storage.go:107.62,109.4 1 0
github.com/c360/semstreams/pkg/graphclustering/storage.go:112.3,112.46 1 0
github.com/c360/semstreams/pkg/graphclustering/storage.go:112.46,114.76 2 0
github.com/c360/semstreams/pkg/graphclustering/storage.go:114.76,116.5 1 0
github.com/c360/semstreams/pkg/graphclustering/storage.go:118.8,118.31 1 8
github.com/c360/semstreams/pkg/graphclustering/storage.go:118.31,121.3 1 8
github.com/c360/semstreams/pkg/graphclustering/storage.go:124.2,124.28 1 8
github.com/c360/semstreams/pkg/graphclustering/storage.go:124.28,127.3 2 5
github.com/c360/semstreams/pkg/graphclustering/storage.go:129.2,129.12 1 8
github.com/c360/semstreams/pkg/graphclustering/storage.go:133.94,137.45 3 5
github.com/c360/semstreams/pkg/graphclustering/storage.go:137.45,147.3 2 10
github.com/c360/semstreams/pkg/graphclustering/storage.go:149.2,149.16 1 5
github.com/c360/semstreams/pkg/graphclustering/storage.go:154.69,156.2 1 6
github.com/c360/semstreams/pkg/graphclustering/storage.go:159.97,160.14 1 4
github.com/c360/semstreams/pkg/graphclustering/storage.go:160.14,162.3 1 0
github.com/c360/semstreams/pkg/graphclustering/storage.go:165.2,165.39 1 4
github.com/c360/semstreams/pkg/graphclustering/storage.go:165.39,167.10 2 4
github.com/c360/semstreams/pkg/graphclustering/storage.go:167.10,169.4 1 0
github.com/c360/semstreams/pkg/graphclustering/storage.go:170.3,170.24 1 4
github.com/c360/semstreams/pkg/graphclustering/storage.go:174.2,174.17 1 0
github.com/c360/semstreams/pkg/graphclustering/storage.go:174.17,176.3 1 0
github.com/c360/semstreams/pkg/graphclustering/storage.go:179.2,180.16 2 0
github.com/c360/semstreams/pkg/graphclustering/storage.go:180.16,182.3 1 0
github.com/c360/semstreams/pkg/graphclustering/storage.go:185.2,187.16 3 0
github.com/c360/semstreams/pkg/graphclustering/storage.go:187.16,188.38 1 0
github.com/c360/semstreams/pkg/graphclustering/storage.go:188.38,191.4 1 0
github.com/c360/semstreams/pkg/graphclustering/storage.go:192.3,192.97 1 0
github.com/c360/semstreams/pkg/graphclustering/storage.go:196.2,197.66 2 0
github.com/c360/semstreams/pkg/graphclustering/storage.go:197.66,199.3 1 0
github.com/c360/semstreams/pkg/graphclustering/storage.go:201.2,201.24 1 0
github.com/c360/semstreams/pkg/graphclustering/storage.go:205.108,214.16 4 0
github.com/c360/semstreams/pkg/graphclustering/storage.go:214.16,216.100 1 0
github.com/c360/semstreams/pkg/graphclustering/storage.go:216.100,218.4 1 0
github.com/c360/semstreams/pkg/graphclustering/storage.go:219.3,219.102 1 0
github.com/c360/semstreams/pkg/graphclustering/storage.go:222.2,222.27 1 0
github.com/c360/semstreams/pkg/graphclustering/storage.go:222.27,223.38 1 0
github.com/c360/semstreams/pkg/graphclustering/storage.go:223.38,224.12 1 0
github.com/c360/semstreams/pkg/graphclustering/storage.go:228.3,228.40 1 0
github.com/c360/semstreams/pkg/graphclustering/storage.go:228.40,229.12 1 0
github.com/c360/semstreams/pkg/graphclustering/storage.go:232.3,233.17 2 0
github.com/c360/semstreams/pkg/graphclustering/storage.go:233.17,234.12 1 0
github.com/c360/semstreams/pkg/graphclustering/storage.go:237.3,238.67 2 0
github.com/c360/semstreams/pkg/graphclustering/storage.go:238.67,239.12 1 0
github.com/c360/semstreams/pkg/graphclustering/storage.go:242.3,242.48 1 0
github.com/c360/semstreams/pkg/graphclustering/storage.go:245.2,245.25 1 0
github.com/c360/semstreams/pkg/graphclustering/storage.go:249.120,250.20 1 0
github.com/c360/semstreams/pkg/graphclustering/storage.go:250.20,252.3 1 0
github.com/c360/semstreams/pkg/graphclustering/storage.go:255.2,257.16 3 0
github.com/c360/semstreams/pkg/graphclustering/storage.go:257.16,258.38 1 0
github.com/c360/semstreams/pkg/graphclustering/storage.go:258.38,261.4 1 0
github.com/c360/semstreams/pkg/graphclustering/storage.go:262.3,262.108 1 0
github.com/c360/semstreams/pkg/graphclustering/storage.go:265.2,268.41 2 0
github.com/c360/semstreams/pkg/graphclustering/storage.go:272.86,273.14 1 0
github.com/c360/semstreams/pkg/graphclustering/storage.go:273.14,275.3 1 0
github.com/c360/semstreams/pkg/graphclustering/storage.go:278.2,279.16 2 0
github.com/c360/semstreams/pkg/graphclustering/storage.go:279.16,281.3 1 0
github.com/c360/semstreams/pkg/graphclustering/storage.go:284.2,284.22 1 0
github.com/c360/semstreams/pkg/graphclustering/storage.go:284.22,286.3 1 0
github.com/c360/semstreams/pkg/graphclustering/storage.go:289.2,290.45 2 0
github.com/c360/semstreams/pkg/graphclustering/storage.go:290.45,292.53 2 0
github.com/c360/semstreams/pkg/graphclustering/storage.go:292.53,294.4 1 0
github.com/c360/semstreams/pkg/graphclustering/storage.go:298.2,299.55 2 0
github.com/c360/semstreams/pkg/graphclustering/storage.go:299.55,301.3 1 0
github.com/c360/semstreams/pkg/graphclustering/storage.go:304.2,304.25 1 0
github.com/c360/semstreams/pkg/graphclustering/storage.go:304.25,311.3 1 0
github.com/c360/semstreams/pkg/graphclustering/storage.go:313.2,313.12 1 0
github.com/c360/semstreams/pkg/graphclustering/storage.go:317.65,320.16 2 0
github.com/c360/semstreams/pkg/graphclustering/storage.go:320.16,322.100 1 0
github.com/c360/semstreams/pkg/graphclustering/storage.go:322.100,324.4 1 0
github.com/c360/semstreams/pkg/graphclustering/storage.go:325.3,325.81 1 0
github.com/c360/semstreams/pkg/graphclustering/storage.go:329.2,330.27 2 0
github.com/c360/semstreams/pkg/graphclustering/storage.go:330.27,331.49 1 0
github.com/c360/semstreams/pkg/graphclustering/storage.go:331.49,332.48 1 0
github.com/c360/semstreams/pkg/graphclustering/storage.go:332.48,334.5 1 0
github.com/c360/semstreams/pkg/graphclustering/storage.go:339.2,339.25 1 0
github.com/c360/semstreams/pkg/graphclustering/storage.go:339.25,346.3 1 0
github.com/c360/semstreams/pkg/graphclustering/storage.go:348.2,348.12 1 0
github.com/c360/semstreams/pkg/graphclustering/storage.go:353.57,355.2 1 0
github.com/c360/semstreams/pkg/graphclustering/storage.go:357.40,359.2 1 0
github.com/c360/semstreams/pkg/graphclustering/storage.go:361.60,363.2 1 0
github.com/c360/semstreams/pkg/graphclustering/storage.go:366.49,368.23 2 0
github.com/c360/semstreams/pkg/graphclustering/storage.go:368.23,370.3 1 0
github.com/c360/semstreams/pkg/graphclustering/storage.go:372.2,373.16 2 0
github.com/c360/semstreams/pkg/graphclustering/storage.go:373.16,375.3 1 0
github.com/c360/semstreams/pkg/graphclustering/storage.go:378.2,378.31 1 0
github.com/c360/semstreams/pkg/graphclustering/storage.go:378.31,380.3 1 0
github.com/c360/semstreams/pkg/graphclustering/storage.go:382.2,382.19 1 0
github.com/c360/semstreams/pkg/graphclustering/summarizer.go:37.56,42.2 1 7
github.com/c360/semstreams/pkg/graphclustering/summarizer.go:49.23,50.22 1 4
github.com/c360/semstreams/pkg/graphclustering/summarizer.go:50.22,53.3 1 1
github.com/c360/semstreams/pkg/graphclustering/summarizer.go:55.2,55.24 1 3
github.com/c360/semstreams/pkg/graphclustering/summarizer.go:55.24,58.3 1 1
github.com/c360/semstreams/pkg/graphclustering/summarizer.go:61.2,61.9 1 2
github.com/c360/semstreams/pkg/graphclustering/summarizer.go:62.20,63.24 1 1
github.com/c360/semstreams/pkg/graphclustering/summarizer.go:64.10,64.10 0 1
github.com/c360/semstreams/pkg/graphclustering/summarizer.go:68.2,82.23 8 1
github.com/c360/semstreams/pkg/graphclustering/summarizer.go:86.90,89.34 2 2
github.com/c360/semstreams/pkg/graphclustering/summarizer.go:89.34,93.34 2 7
github.com/c360/semstreams/pkg/graphclustering/summarizer.go:93.34,94.18 1 14
github.com/c360/semstreams/pkg/graphclustering/summarizer.go:94.18,96.5 1 14
github.com/c360/semstreams/pkg/graphclustering/summarizer.go:100.3,100.50 1 7
github.com/c360/semstreams/pkg/graphclustering/summarizer.go:100.50,105.40 2 13
github.com/c360/semstreams/pkg/graphclustering/summarizer.go:105.40,108.32 2 12
github.com/c360/semstreams/pkg/graphclustering/summarizer.go:108.32,110.6 1 18
github.com/c360/semstreams/pkg/graphclustering/summarizer.go:116.2,124.35 4 2
github.com/c360/semstreams/pkg/graphclustering/summarizer.go:124.35,135.3 3 27
github.com/c360/semstreams/pkg/graphclustering/summarizer.go:138.2,138.41 1 2
github.com/c360/semstreams/pkg/graphclustering/summarizer.go:138.41,140.3 1 56
github.com/c360/semstreams/pkg/graphclustering/summarizer.go:143.2,144.31 2 2
github.com/c360/semstreams/pkg/graphclustering/summarizer.go:144.31,146.3 1 0
github.com/c360/semstreams/pkg/graphclustering/summarizer.go:148.2,149.35 2 2
github.com/c360/semstreams/pkg/graphclustering/summarizer.go:149.35,151.3 1 15
github.com/c360/semstreams/pkg/graphclustering/summarizer.go:153.2,153.17 1 2
github.com/c360/semstreams/pkg/graphclustering/summarizer.go:158.122,164.34 3 2
github.com/c360/semstreams/pkg/graphclustering/summarizer.go:164.34,166.3 1 8
github.com/c360/semstreams/pkg/graphclustering/summarizer.go:169.2,170.16 2 2
github.com/c360/semstreams/pkg/graphclustering/summarizer.go:170.16,174.3 1 0
github.com/c360/semstreams/pkg/graphclustering/summarizer.go:176.2,176.15 1 2
github.com/c360/semstreams/pkg/graphclustering/summarizer.go:181.109,189.34 3 0
github.com/c360/semstreams/pkg/graphclustering/summarizer.go:189.34,191.3 1 0
github.com/c360/semstreams/pkg/graphclustering/summarizer.go:194.2,195.34 2 0
github.com/c360/semstreams/pkg/graphclustering/summarizer.go:195.34,209.3 4 0
github.com/c360/semstreams/pkg/graphclustering/summarizer.go:212.2,212.41 1 0
github.com/c360/semstreams/pkg/graphclustering/summarizer.go:212.41,214.3 1 0
github.com/c360/semstreams/pkg/graphclustering/summarizer.go:217.2,218.26 2 0
github.com/c360/semstreams/pkg/graphclustering/summarizer.go:218.26,220.3 1 0
github.com/c360/semstreams/pkg/graphclustering/summarizer.go:222.2,223.30 2 0
github.com/c360/semstreams/pkg/graphclustering/summarizer.go:223.30,225.3 1 0
github.com/c360/semstreams/pkg/graphclustering/summarizer.go:227.2,227.20 1 0
github.com/c360/semstreams/pkg/graphclustering/summarizer.go:236.82,238.34 2 2
github.com/c360/semstreams/pkg/graphclustering/summarizer.go:238.34,240.3 1 8
github.com/c360/semstreams/pkg/graphclustering/summarizer.go:241.2,241.52 1 2
github.com/c360/semstreams/pkg/graphclustering/summarizer.go:244.84,246.29 2 0
github.com/c360/semstreams/pkg/graphclustering/summarizer.go:246.29,248.3 1 0
github.com/c360/semstreams/pkg/graphclustering/summarizer.go:249.2,249.17 1 0
github.com/c360/semstreams/pkg/graphclustering/summarizer.go:252.116,254.9 2 8
github.com/c360/semstreams/pkg/graphclustering/summarizer.go:254.9,256.3 1 0
github.com/c360/semstreams/pkg/graphclustering/summarizer.go:258.2,261.52 2 8
github.com/c360/semstreams/pkg/graphclustering/summarizer.go:261.52,262.37 1 8
github.com/c360/semstreams/pkg/graphclustering/summarizer.go:262.37,264.4 1 7
github.com/c360/semstreams/pkg/graphclustering/summarizer.go:268.2,268.52 1 8
github.com/c360/semstreams/pkg/graphclustering/summarizer.go:268.52,269.42 1 0
github.com/c360/semstreams/pkg/graphclustering/summarizer.go:269.42,270.43 1 0
github.com/c360/semstreams/pkg/graphclustering/summarizer.go:270.43,271.36 1 0
github.com/c360/semstreams/pkg/graphclustering/summarizer.go:271.36,273.6 1 0
github.com/c360/semstreams/pkg/graphclustering/summarizer.go:278.2,279.38 2 8
github.com/c360/semstreams/pkg/graphclustering/summarizer.go:279.38,281.3 1 7
github.com/c360/semstreams/pkg/graphclustering/summarizer.go:283.2,283.23 1 8
github.com/c360/semstreams/pkg/graphclustering/summarizer.go:286.102,288.9 2 0
github.com/c360/semstreams/pkg/graphclustering/summarizer.go:288.9,290.3 1 0
github.com/c360/semstreams/pkg/graphclustering/summarizer.go:293.2,293.36 1 0
github.com/c360/semstreams/pkg/graphclustering/summarizer.go:293.36,294.30 1 0
github.com/c360/semstreams/pkg/graphclustering/summarizer.go:294.30,296.23 1 0
github.com/c360/semstreams/pkg/graphclustering/summarizer.go:296.23,298.5 1 0
github.com/c360/semstreams/pkg/graphclustering/summarizer.go:299.4,299.19 1 0
github.com/c360/semstreams/pkg/graphclustering/summarizer.go:303.2,303.17 1 0
github.com/c360/semstreams/pkg/graphclustering/summarizer.go:310.10,313.34 2 2
github.com/c360/semstreams/pkg/graphclustering/summarizer.go:313.34,315.3 1 9
github.com/c360/semstreams/pkg/graphclustering/summarizer.go:318.2,324.41 3 2
github.com/c360/semstreams/pkg/graphclustering/summarizer.go:324.41,329.3 1 5
github.com/c360/semstreams/pkg/graphclustering/summarizer.go:331.2,331.44 1 2
github.com/c360/semstreams/pkg/graphclustering/summarizer.go:331.44,333.3 1 3
github.com/c360/semstreams/pkg/graphclustering/summarizer.go:336.2,342.24 3 2
github.com/c360/semstreams/pkg/graphclustering/summarizer.go:342.24,345.32 3 2
github.com/c360/semstreams/pkg/graphclustering/summarizer.go:345.32,347.4 1 1
github.com/c360/semstreams/pkg/graphclustering/summarizer.go:349.3,350.33 2 2
github.com/c360/semstreams/pkg/graphclustering/summarizer.go:350.33,356.30 4 5
github.com/c360/semstreams/pkg/graphclustering/summarizer.go:356.30,358.5 1 3
github.com/c360/semstreams/pkg/graphclustering/summarizer.go:361.3,361.60 1 2
github.com/c360/semstreams/pkg/graphclustering/summarizer.go:365.2,365.23 1 2
github.com/c360/semstreams/pkg/graphclustering/summarizer.go:365.23,368.32 3 2
github.com/c360/semstreams/pkg/graphclustering/summarizer.go:368.32,370.4 1 1
github.com/c360/semstreams/pkg/graphclustering/summarizer.go:372.3,374.50 3 2
github.com/c360/semstreams/pkg/graphclustering/summarizer.go:377.2,379.25 2 2
github.com/c360/semstreams/pkg/graphclustering/summarizer.go:383.41,388.54 2 16
github.com/c360/semstreams/pkg/graphclustering/summarizer.go:388.54,390.3 1 219
github.com/c360/semstreams/pkg/graphclustering/summarizer.go:393.2,402.29 3 16
github.com/c360/semstreams/pkg/graphclustering/summarizer.go:402.29,403.41 1 34
github.com/c360/semstreams/pkg/graphclustering/summarizer.go:403.41,405.4 1 28
github.com/c360/semstreams/pkg/graphclustering/summarizer.go:408.2,408.14 1 16
github.com/c360/semstreams/pkg/graphclustering/summarizer.go:445.62,454.2 1 0
github.com/c360/semstreams/pkg/graphclustering/summarizer.go:461.23,462.22 1 0
github.com/c360/semstreams/pkg/graphclustering/summarizer.go:462.22,465.3 1 0
github.com/c360/semstreams/pkg/graphclustering/summarizer.go:467.2,467.24 1 0
github.com/c360/semstreams/pkg/graphclustering/summarizer.go:467.24,470.3 1 0
github.com/c360/semstreams/pkg/graphclustering/summarizer.go:473.2,473.9 1 0
github.com/c360/semstreams/pkg/graphclustering/summarizer.go:474.20,475.24 1 0
github.com/c360/semstreams/pkg/graphclustering/summarizer.go:476.10,476.10 0 0
github.com/c360/semstreams/pkg/graphclustering/summarizer.go:481.2,489.16 5 0
github.com/c360/semstreams/pkg/graphclustering/summarizer.go:489.16,492.41 1 0
github.com/c360/semstreams/pkg/graphclustering/summarizer.go:492.41,495.4 1 0
github.com/c360/semstreams/pkg/graphclustering/summarizer.go:498.3,503.24 6 0
github.com/c360/semstreams/pkg/graphclustering/summarizer.go:507.2,512.23 5 0
github.com/c360/semstreams/pkg/graphclustering/summarizer.go:519.10,524.34 3 0
github.com/c360/semstreams/pkg/graphclustering/summarizer.go:524.34,526.3 1 0
github.com/c360/semstreams/pkg/graphclustering/summarizer.go:529.2,533.41 3 0
github.com/c360/semstreams/pkg/graphclustering/summarizer.go:533.41,535.3 1 0
github.com/c360/semstreams/pkg/graphclustering/summarizer.go:536.2,539.23 2 0
github.com/c360/semstreams/pkg/graphclustering/summarizer.go:539.23,543.3 3 0
github.com/c360/semstreams/pkg/graphclustering/summarizer.go:546.2,548.34 3 0
github.com/c360/semstreams/pkg/graphclustering/summarizer.go:548.34,551.62 3 0
github.com/c360/semstreams/pkg/graphclustering/summarizer.go:551.62,553.4 1 0
github.com/c360/semstreams/pkg/graphclustering/summarizer.go:554.3,554.28 1 0
github.com/c360/semstreams/pkg/graphclustering/summarizer.go:557.2,559.25 2 0
github.com/c360/semstreams/pkg/graphclustering/summarizer.go:563.94,572.16 3 0
github.com/c360/semstreams/pkg/graphclustering/summarizer.go:572.16,574.3 1 0
github.com/c360/semstreams/pkg/graphclustering/summarizer.go:577.2,579.16 3 0
github.com/c360/semstreams/pkg/graphclustering/summarizer.go:579.16,581.3 1 0
github.com/c360/semstreams/pkg/graphclustering/summarizer.go:583.2,587.16 3 0
github.com/c360/semstreams/pkg/graphclustering/summarizer.go:587.16,590.3 1 0
github.com/c360/semstreams/pkg/graphclustering/summarizer.go:591.2,594.38 2 0
github.com/c360/semstreams/pkg/graphclustering/summarizer.go:594.38,599.3 2 0
github.com/c360/semstreams/pkg/graphclustering/summarizer.go:602.2,603.67 2 0
github.com/c360/semstreams/pkg/graphclustering/summarizer.go:603.67,605.3 1 0
github.com/c360/semstreams/pkg/graphclustering/summarizer.go:607.2,607.26 1 0
github.com/c360/semstreams/pkg/graphclustering/summarizer.go:607.26,610.3 1 0
github.com/c360/semstreams/pkg/graphclustering/summarizer.go:612.2,612.28 1 0
github.com/c360/semstreams/pkg/graphclustering/summarizer.go:622.56,626.2 1 0
github.com/c360/semstreams/pkg/graphclustering/summarizer.go:634.23,635.22 1 0
github.com/c360/semstreams/pkg/graphclustering/summarizer.go:635.22,638.3 1 0
github.com/c360/semstreams/pkg/graphclustering/summarizer.go:640.2,640.24 1 0
github.com/c360/semstreams/pkg/graphclustering/summarizer.go:640.24,643.3 1 0
github.com/c360/semstreams/pkg/graphclustering/summarizer.go:646.2,647.16 2 0
github.com/c360/semstreams/pkg/graphclustering/summarizer.go:647.16,650.3 1 0
github.com/c360/semstreams/pkg/graphclustering/summarizer.go:653.2,661.23 6 0
github.com/c360/semstreams/pkg/graphclustering/summarizer.go:665.24,666.11 1 0
github.com/c360/semstreams/pkg/graphclustering/summarizer.go:666.11,668.3 1 0
github.com/c360/semstreams/pkg/graphclustering/summarizer.go:669.2,669.10 1 0
github.com/c360/semstreams/pkg/graphclustering/types.go:109.36,111.2 1 0
github.com/c360/semstreams/pkg/graphclustering/types.go:114.36,116.2 1 0
github.com/c360/semstreams/pkg/graphclustering/types.go:119.43,121.2 1 0
github.com/c360/semstreams/pkg/graphclustering/types.go:124.43,126.2 1 0
github.com/c360/semstreams/pkg/graphclustering/types.go:129.44,131.2 1 0
github.com/c360/semstreams/pkg/graphclustering/types.go:134.47,136.2 1 0
github.com/c360/semstreams/pkg/graphclustering/types.go:139.58,141.2 1 0
github.com/c360/semstreams/pkg/graphclustering/types.go:144.52,146.2 1 0
github.com/c360/semstreams/pkg/graphclustering/types.go:149.44,151.2 1 0
github.com/c360/semstreams/pkg/graphclustering/types.go:154.47,156.2 1 0
