mode: set
github.com/c360/semstreams/processor/graph/gateway/mcp/config.go:38.35,40.25 1 1
github.com/c360/semstreams/processor/graph/gateway/mcp/config.go:40.25,42.3 1 1
github.com/c360/semstreams/processor/graph/gateway/mcp/config.go:44.2,44.24 1 1
github.com/c360/semstreams/processor/graph/gateway/mcp/config.go:44.24,46.3 1 1
github.com/c360/semstreams/processor/graph/gateway/mcp/config.go:48.2,48.18 1 1
github.com/c360/semstreams/processor/graph/gateway/mcp/config.go:48.18,50.3 1 1
github.com/c360/semstreams/processor/graph/gateway/mcp/config.go:52.2,52.24 1 1
github.com/c360/semstreams/processor/graph/gateway/mcp/config.go:52.24,54.3 1 1
github.com/c360/semstreams/processor/graph/gateway/mcp/config.go:56.2,56.27 1 1
github.com/c360/semstreams/processor/graph/gateway/mcp/config.go:56.27,58.3 1 1
github.com/c360/semstreams/processor/graph/gateway/mcp/config.go:60.2,60.27 1 1
github.com/c360/semstreams/processor/graph/gateway/mcp/config.go:60.27,62.3 1 1
github.com/c360/semstreams/processor/graph/gateway/mcp/config.go:65.2,66.16 2 1
github.com/c360/semstreams/processor/graph/gateway/mcp/config.go:66.16,68.3 1 1
github.com/c360/semstreams/processor/graph/gateway/mcp/config.go:70.2,70.27 1 1
github.com/c360/semstreams/processor/graph/gateway/mcp/config.go:70.27,72.3 1 1
github.com/c360/semstreams/processor/graph/gateway/mcp/config.go:74.2,74.29 1 1
github.com/c360/semstreams/processor/graph/gateway/mcp/config.go:74.29,76.3 1 1
github.com/c360/semstreams/processor/graph/gateway/mcp/config.go:78.2,83.16 4 1
github.com/c360/semstreams/processor/graph/gateway/mcp/config.go:83.16,85.56 1 1
github.com/c360/semstreams/processor/graph/gateway/mcp/config.go:85.56,87.4 1 0
github.com/c360/semstreams/processor/graph/gateway/mcp/config.go:87.9,89.4 1 1
github.com/c360/semstreams/processor/graph/gateway/mcp/config.go:92.2,93.44 2 1
github.com/c360/semstreams/processor/graph/gateway/mcp/config.go:93.44,95.3 1 1
github.com/c360/semstreams/processor/graph/gateway/mcp/config.go:98.2,98.22 1 1
github.com/c360/semstreams/processor/graph/gateway/mcp/config.go:98.22,100.3 1 1
github.com/c360/semstreams/processor/graph/gateway/mcp/config.go:103.2,103.29 1 1
github.com/c360/semstreams/processor/graph/gateway/mcp/config.go:103.29,105.3 1 1
github.com/c360/semstreams/processor/graph/gateway/mcp/config.go:107.2,107.12 1 1
github.com/c360/semstreams/processor/graph/gateway/mcp/config.go:111.42,112.20 1 1
github.com/c360/semstreams/processor/graph/gateway/mcp/config.go:112.20,115.3 1 1
github.com/c360/semstreams/processor/graph/gateway/mcp/config.go:116.2,116.18 1 1
github.com/c360/semstreams/processor/graph/gateway/mcp/server.go:49.118,50.21 1 1
github.com/c360/semstreams/processor/graph/gateway/mcp/server.go:50.21,53.3 1 1
github.com/c360/semstreams/processor/graph/gateway/mcp/server.go:55.2,55.19 1 1
github.com/c360/semstreams/processor/graph/gateway/mcp/server.go:55.19,57.3 1 1
github.com/c360/semstreams/processor/graph/gateway/mcp/server.go:60.2,70.8 2 1
github.com/c360/semstreams/processor/graph/gateway/mcp/server.go:74.32,144.2 14 1
github.com/c360/semstreams/processor/graph/gateway/mcp/server.go:147.74,149.15 2 1
github.com/c360/semstreams/processor/graph/gateway/mcp/server.go:149.15,152.3 2 1
github.com/c360/semstreams/processor/graph/gateway/mcp/server.go:153.2,158.12 5 1
github.com/c360/semstreams/processor/graph/gateway/mcp/server.go:158.12,162.19 3 1
github.com/c360/semstreams/processor/graph/gateway/mcp/server.go:162.19,164.4 1 1
github.com/c360/semstreams/processor/graph/gateway/mcp/server.go:166.3,166.84 1 1
github.com/c360/semstreams/processor/graph/gateway/mcp/server.go:166.84,168.11 2 0
github.com/c360/semstreams/processor/graph/gateway/mcp/server.go:169.24,169.24 0 0
github.com/c360/semstreams/processor/graph/gateway/mcp/server.go:170.22,170.22 0 0
github.com/c360/semstreams/processor/graph/gateway/mcp/server.go:171.22,171.22 0 0
github.com/c360/semstreams/processor/graph/gateway/mcp/server.go:176.2,176.9 1 1
github.com/c360/semstreams/processor/graph/gateway/mcp/server.go:177.20,179.34 2 1
github.com/c360/semstreams/processor/graph/gateway/mcp/server.go:181.20,183.13 2 1
github.com/c360/semstreams/processor/graph/gateway/mcp/server.go:185.24,189.70 4 0
github.com/c360/semstreams/processor/graph/gateway/mcp/server.go:194.52,196.16 2 1
github.com/c360/semstreams/processor/graph/gateway/mcp/server.go:196.16,199.3 2 1
github.com/c360/semstreams/processor/graph/gateway/mcp/server.go:200.2,205.23 4 1
github.com/c360/semstreams/processor/graph/gateway/mcp/server.go:205.23,207.3 1 1
github.com/c360/semstreams/processor/graph/gateway/mcp/server.go:209.2,212.49 3 1
github.com/c360/semstreams/processor/graph/gateway/mcp/server.go:212.49,215.3 2 0
github.com/c360/semstreams/processor/graph/gateway/mcp/server.go:217.2,222.12 5 1
github.com/c360/semstreams/processor/graph/gateway/mcp/server.go:226.115,229.15 3 1
github.com/c360/semstreams/processor/graph/gateway/mcp/server.go:229.15,230.23 1 1
github.com/c360/semstreams/processor/graph/gateway/mcp/server.go:230.23,232.4 1 0
github.com/c360/semstreams/processor/graph/gateway/mcp/server.go:236.2,236.28 1 1
github.com/c360/semstreams/processor/graph/gateway/mcp/server.go:236.28,239.3 2 0
github.com/c360/semstreams/processor/graph/gateway/mcp/server.go:242.2,247.9 4 1
github.com/c360/semstreams/processor/graph/gateway/mcp/server.go:247.9,249.3 1 1
github.com/c360/semstreams/processor/graph/gateway/mcp/server.go:251.2,252.9 2 1
github.com/c360/semstreams/processor/graph/gateway/mcp/server.go:252.9,254.3 1 1
github.com/c360/semstreams/processor/graph/gateway/mcp/server.go:257.2,258.42 2 1
github.com/c360/semstreams/processor/graph/gateway/mcp/server.go:258.42,259.30 1 1
github.com/c360/semstreams/processor/graph/gateway/mcp/server.go:260.23,261.17 1 0
github.com/c360/semstreams/processor/graph/gateway/mcp/server.go:262.15,264.64 1 1
github.com/c360/semstreams/processor/graph/gateway/mcp/server.go:264.64,266.5 1 1
github.com/c360/semstreams/processor/graph/gateway/mcp/server.go:271.2,275.16 4 0
github.com/c360/semstreams/processor/graph/gateway/mcp/server.go:275.16,277.47 2 0
github.com/c360/semstreams/processor/graph/gateway/mcp/server.go:277.47,279.4 1 0
github.com/c360/semstreams/processor/graph/gateway/mcp/server.go:280.3,280.76 1 0
github.com/c360/semstreams/processor/graph/gateway/mcp/server.go:284.2,285.16 2 0
github.com/c360/semstreams/processor/graph/gateway/mcp/server.go:285.16,287.3 1 0
github.com/c360/semstreams/processor/graph/gateway/mcp/server.go:290.2,290.39 1 0
github.com/c360/semstreams/processor/graph/gateway/mcp/server.go:290.39,297.3 2 0
github.com/c360/semstreams/processor/graph/gateway/mcp/server.go:299.2,304.16 4 0
github.com/c360/semstreams/processor/graph/gateway/mcp/server.go:304.16,307.3 1 0
github.com/c360/semstreams/processor/graph/gateway/mcp/server.go:309.2,309.55 1 0
github.com/c360/semstreams/processor/graph/gateway/mcp/server.go:313.71,323.14 5 1
github.com/c360/semstreams/processor/graph/gateway/mcp/server.go:323.14,326.3 2 1
github.com/c360/semstreams/processor/graph/gateway/mcp/server.go:326.8,328.3 1 1
github.com/c360/semstreams/processor/graph/gateway/mcp/server.go:330.2,331.37 2 1
github.com/c360/semstreams/processor/graph/gateway/mcp/server.go:335.71,339.2 3 1
github.com/c360/semstreams/processor/graph/gateway/mcp/server.go:342.35,346.2 3 1
